----------
[1] Woody Allen (* Nova Iorque, 30/11/1935)
[2] Steven Spielberg (* Cincinnati, 18/12/1946)
[3] Pedro Almod처var (* Calzada de Calatrava, 25/09/1949)
[4] Martin Scorsese (* Nova Iorque, 17/11/1942)
[5] Quentin Tarantino (* Knoxville, 27/03/1963)
[6] Tim Burton (* Burbank, 25/08/1958)
[7] Francis Ford Coppola (* Detroit, 07/04/1939)
[8] Clint Eastwood (* S찾o Francisco, 31/05/1930)
[9] Walter Salles (* Rio de Janeiro, 12/04/1956)
[10] Roman Polanski (* Paris, 18/08/1933)
[11] Ridley Scott (* South Shields, 30/11/1937)
[12] Werner Herzog (* Munique, 05/09/1942)
[13] John Woo (* Guangzhou, 01/05/1946)
[14] James Cameron (* Kapuskasing, 16/08/1954)
[15] Christopher Nolan (* Londres, 30/07/1970)
[16] Gus Van Sant (* Louisville, 24/07/1952)
[17] Steven Soderbergh (* Atlanta, 14/01/1963)
[18] Tony Scott (* Tynemouth, 21/07/1944;+ Los Angeles, 19/08/2012)
----------
[15] Christopher Nolan (* Londres, 30/07/1970)
[8] Clint Eastwood (* S찾o Francisco, 31/05/1930)
[7] Francis Ford Coppola (* Detroit, 07/04/1939)
[16] Gus Van Sant (* Louisville, 24/07/1952)
[14] James Cameron (* Kapuskasing, 16/08/1954)
[13] John Woo (* Guangzhou, 01/05/1946)
[4] Martin Scorsese (* Nova Iorque, 17/11/1942)
[3] Pedro Almod처var (* Calzada de Calatrava, 25/09/1949)
[5] Quentin Tarantino (* Knoxville, 27/03/1963)
[11] Ridley Scott (* South Shields, 30/11/1937)
[10] Roman Polanski (* Paris, 18/08/1933)
[17] Steven Soderbergh (* Atlanta, 14/01/1963)
[2] Steven Spielberg (* Cincinnati, 18/12/1946)
[6] Tim Burton (* Burbank, 25/08/1958)
[18] Tony Scott (* Tynemouth, 21/07/1944;+ Los Angeles, 19/08/2012)
[9] Walter Salles (* Rio de Janeiro, 12/04/1956)
[12] Werner Herzog (* Munique, 05/09/1942)
[1] Woody Allen (* Nova Iorque, 30/11/1935)
----------
