----------
[1] O Homem Irracional (2015) - Woody Allen
[2] Magia ao Luar (2014) - Woody Allen
[3] Meia-Noite em Paris (2011) - Woody Allen
[4] Você Vai Conhecer o Homem dos Seus Sonhos (2010) - Woody Allen
[5] Vicky Cristina Barcelona (2008) - Woody Allen
[6] Scoop - O Grande Furo (2006) - Woody Allen
[7] Match Point - Ponto Final (2005) - Woody Allen
[8] Celebridades (1998) - Woody Allen
[9] Desconstruindo Harry (1997) - Woody Allen
[10] Todos Dizem Eu Te Amo (1996) - Woody Allen
[11] Ponte dos Espiões (2015) - Steven Spielberg
[12] Indiana Jones e o Reino da Caveira de Cristal (2008) - Steven Spielberg
[13] Guerra dos Mundos (2005) - Steven Spielberg
[14] O Terminal (2004) - Steven Spielberg
[15] Prenda-me Se For Capaz (2002) - Steven Spielberg
[16] Minority Report - A Nova Lei (2002) - Steven Spielberg
[17] O Resgate do Soldado Ryan (1998) - Steven Spielberg
[18] Amistad (1997) - Steven Spielberg
[19] Hook - A Volta do Capitão Gancho (1991) - Steven Spielberg
[20] Indiana Jones e a Última Cruzada (1989) - Steven Spielberg
[21] A Pele Que Habito (2011) - Pedro Almodóvar
[22] Abraços Partidos (2009) - Pedro Almodóvar
[23] Volver (2006) - Pedro Almodóvar
[24] O Lobo de Wall Street (2013) - Martin Scorsese
[25] Ilha do Medo (2010) - Martin Scorsese
[26] Os Infiltrados (2006) - Martin Scorsese
[27] O Aviador (2004) - Martin Scorsese
[28] Gangues de Nova York (2002) - Martin Scorsese
[29] Vivendo no Limite (1999) - Martin Scorsese
[30] Cassino (1995) - Martin Scorsese
[31] Os Oito Odiados (2015) - Quentin Tarantino
[32] Django Livre (2012) - Quentin Tarantino
[33] Bastardos Inglórios (2009) - Quentin Tarantino
[34] Kill Bill: Vol. 2 (2004) - Quentin Tarantino
[35] Kill Bill: Vol. 1 (2003) - Quentin Tarantino
[36] Jackie Brown (1997) - Quentin Tarantino
[37] Grande Hotel (1995) - Quentin Tarantino
[38] Tempo de Violência (1994) - Quentin Tarantino
[39] O Lar das Crianças Peculiares (2016) - Tim Burton
[40] Sombras da Noite (2012) - Tim Burton
[41] Alice no País das Maravilhas (2010) - Tim Burton
[42] Sweeney Todd - O Barbeiro Demoníaco da Rua Fleet (2007) - Tim Burton
[43] A Fantástica Fábrica de Chocolate (2005) - Tim Burton
[44] A Lenda do Cavaleiro Sem Cabeça (1999) - Tim Burton
[45] Marte Ataca! (1996) - Tim Burton
[46] Ed Wood (1994) - Tim Burton
[47] Edward Mãos de Tesoura (1990) - Tim Burton
[48] Batman (1989) - Tim Burton
[49] Velha Juventude (2007) - Francis Ford Coppola
[50] O Homem Que Fazia Chover (1997) - Francis Ford Coppola
[51] Jack (1996) - Francis Ford Coppola
[52] O Poderoso Chefão 3 (1990) - Francis Ford Coppola
[53] O Poderoso Chefão 2 (1974) - Francis Ford Coppola
[54] O Poderoso Chefão (1972) - Francis Ford Coppola
[55] Sully: O Herói do Rio Hudson (2016) - Clint Eastwood
[56] J. Edgar (2011) - Clint Eastwood
[57] Além da Vida (2010) - Clint Eastwood
[58] Invictus (2009) - Clint Eastwood
[59] A Troca (2008) - Clint Eastwood
[60] Menina de Ouro (2004) - Clint Eastwood
[61] Paris, Te Amo (2006) - Walter Salles
[62] O Último Portal (1999) - Roman Polanski
[63] Perdido em Marte (2015) - Ridley Scott
[64] O Conselheiro do Crime (2013) - Ridley Scott
[65] Rede de Mentiras (2008) - Ridley Scott
[66] O Gângster (2007) - Ridley Scott
[67] Rainha do Deserto (2015) - Werner Herzog
[68] Vício Frenético (2009) - Werner Herzog
[69] O Pagamento (2003) - John Woo
[70] Códigos de Guerra (2002) - John Woo
[71] Missão Impossível 2 (2000) - John Woo
[72] A Outra Face (1997) - John Woo
[73] Titanic (1997) - James Cameron
[74] Interestelar (2014) - Christopher Nolan
[75] Batman: O Cavaleiro das Trevas Ressurge (2012) - Christopher Nolan
[76] A Origem (2010) - Christopher Nolan
[77] Batman - O Cavaleiro das Trevas (2008) - Christopher Nolan
[78] O Grande Truque (2006) - Christopher Nolan
[79] Batman Begins (2005) - Christopher Nolan
[80] Insônia (2002) - Christopher Nolan
[81] Terra Prometida (2012) - Gus Van Sant
[82] Uma Voz nas Sombras (2002) - Gus Van Sant
[83] Encontrando Forrester (2000) - Gus Van Sant
[84] Gênio Indomável (1997) - Gus Van Sant
[85] Minha Vida com Liberace (2013) - Steven Soderbergh
[86] Contágio (2011) - Steven Soderbergh
[87] A Toda Prova (2011) - Steven Soderbergh
[88] O Desinformante! (2009) - Steven Soderbergh
[89] Treze Homens e um Novo Segredo (2007) - Steven Soderbergh
[90] Doze Homens e Outro Segredo (2004) - Steven Soderbergh
[91] Onze Homens e um Segredo (2001) - Steven Soderbergh
[92] Erin Brockovich, uma Mulher de Talento (2000) - Steven Soderbergh
[93] Déjà Vu (2006) - Tony Scott
[94] O Sequestro do Metrô 1 2 3 (2009) - Tony Scott
[95] Incontrolável (2010) - Tony Scott
[96] Chamas da Vingança (2004) - Tony Scott
[97] Jogo de Espiões (2001) - Tony Scott
[98] Inimigo do Estado (1998) - Tony Scott
[99] Estranha Obsessão (1996) - Tony Scott
[100] Maré Vermelha (1995) - Tony Scott
----------
[43] A Fantástica Fábrica de Chocolate (2005) - Tim Burton
[44] A Lenda do Cavaleiro Sem Cabeça (1999) - Tim Burton
[76] A Origem (2010) - Christopher Nolan
[72] A Outra Face (1997) - John Woo
[21] A Pele Que Habito (2011) - Pedro Almodóvar
[87] A Toda Prova (2011) - Steven Soderbergh
[59] A Troca (2008) - Clint Eastwood
[22] Abraços Partidos (2009) - Pedro Almodóvar
[41] Alice no País das Maravilhas (2010) - Tim Burton
[57] Além da Vida (2010) - Clint Eastwood
[18] Amistad (1997) - Steven Spielberg
[33] Bastardos Inglórios (2009) - Quentin Tarantino
[48] Batman (1989) - Tim Burton
[77] Batman - O Cavaleiro das Trevas (2008) - Christopher Nolan
[79] Batman Begins (2005) - Christopher Nolan
[75] Batman: O Cavaleiro das Trevas Ressurge (2012) - Christopher Nolan
[30] Cassino (1995) - Martin Scorsese
[8] Celebridades (1998) - Woody Allen
[96] Chamas da Vingança (2004) - Tony Scott
[86] Contágio (2011) - Steven Soderbergh
[70] Códigos de Guerra (2002) - John Woo
[9] Desconstruindo Harry (1997) - Woody Allen
[32] Django Livre (2012) - Quentin Tarantino
[90] Doze Homens e Outro Segredo (2004) - Steven Soderbergh
[93] Déjà Vu (2006) - Tony Scott
[46] Ed Wood (1994) - Tim Burton
[47] Edward Mãos de Tesoura (1990) - Tim Burton
[83] Encontrando Forrester (2000) - Gus Van Sant
[92] Erin Brockovich, uma Mulher de Talento (2000) - Steven Soderbergh
[99] Estranha Obsessão (1996) - Tony Scott
[28] Gangues de Nova York (2002) - Martin Scorsese
[37] Grande Hotel (1995) - Quentin Tarantino
[13] Guerra dos Mundos (2005) - Steven Spielberg
[84] Gênio Indomável (1997) - Gus Van Sant
[19] Hook - A Volta do Capitão Gancho (1991) - Steven Spielberg
[25] Ilha do Medo (2010) - Martin Scorsese
[95] Incontrolável (2010) - Tony Scott
[20] Indiana Jones e a Última Cruzada (1989) - Steven Spielberg
[12] Indiana Jones e o Reino da Caveira de Cristal (2008) - Steven Spielberg
[98] Inimigo do Estado (1998) - Tony Scott
[80] Insônia (2002) - Christopher Nolan
[74] Interestelar (2014) - Christopher Nolan
[58] Invictus (2009) - Clint Eastwood
[56] J. Edgar (2011) - Clint Eastwood
[51] Jack (1996) - Francis Ford Coppola
[36] Jackie Brown (1997) - Quentin Tarantino
[97] Jogo de Espiões (2001) - Tony Scott
[35] Kill Bill: Vol. 1 (2003) - Quentin Tarantino
[34] Kill Bill: Vol. 2 (2004) - Quentin Tarantino
[2] Magia ao Luar (2014) - Woody Allen
[45] Marte Ataca! (1996) - Tim Burton
[100] Maré Vermelha (1995) - Tony Scott
[7] Match Point - Ponto Final (2005) - Woody Allen
[3] Meia-Noite em Paris (2011) - Woody Allen
[60] Menina de Ouro (2004) - Clint Eastwood
[85] Minha Vida com Liberace (2013) - Steven Soderbergh
[16] Minority Report - A Nova Lei (2002) - Steven Spielberg
[71] Missão Impossível 2 (2000) - John Woo
[27] O Aviador (2004) - Martin Scorsese
[64] O Conselheiro do Crime (2013) - Ridley Scott
[88] O Desinformante! (2009) - Steven Soderbergh
[78] O Grande Truque (2006) - Christopher Nolan
[66] O Gângster (2007) - Ridley Scott
[1] O Homem Irracional (2015) - Woody Allen
[50] O Homem Que Fazia Chover (1997) - Francis Ford Coppola
[39] O Lar das Crianças Peculiares (2016) - Tim Burton
[24] O Lobo de Wall Street (2013) - Martin Scorsese
[69] O Pagamento (2003) - John Woo
[54] O Poderoso Chefão (1972) - Francis Ford Coppola
[53] O Poderoso Chefão 2 (1974) - Francis Ford Coppola
[52] O Poderoso Chefão 3 (1990) - Francis Ford Coppola
[17] O Resgate do Soldado Ryan (1998) - Steven Spielberg
[94] O Sequestro do Metrô 1 2 3 (2009) - Tony Scott
[14] O Terminal (2004) - Steven Spielberg
[62] O Último Portal (1999) - Roman Polanski
[91] Onze Homens e um Segredo (2001) - Steven Soderbergh
[26] Os Infiltrados (2006) - Martin Scorsese
[31] Os Oito Odiados (2015) - Quentin Tarantino
[61] Paris, Te Amo (2006) - Walter Salles
[63] Perdido em Marte (2015) - Ridley Scott
[11] Ponte dos Espiões (2015) - Steven Spielberg
[15] Prenda-me Se For Capaz (2002) - Steven Spielberg
[67] Rainha do Deserto (2015) - Werner Herzog
[65] Rede de Mentiras (2008) - Ridley Scott
[6] Scoop - O Grande Furo (2006) - Woody Allen
[40] Sombras da Noite (2012) - Tim Burton
[55] Sully: O Herói do Rio Hudson (2016) - Clint Eastwood
[42] Sweeney Todd - O Barbeiro Demoníaco da Rua Fleet (2007) - Tim Burton
[38] Tempo de Violência (1994) - Quentin Tarantino
[81] Terra Prometida (2012) - Gus Van Sant
[73] Titanic (1997) - James Cameron
[10] Todos Dizem Eu Te Amo (1996) - Woody Allen
[89] Treze Homens e um Novo Segredo (2007) - Steven Soderbergh
[82] Uma Voz nas Sombras (2002) - Gus Van Sant
[49] Velha Juventude (2007) - Francis Ford Coppola
[5] Vicky Cristina Barcelona (2008) - Woody Allen
[29] Vivendo no Limite (1999) - Martin Scorsese
[4] Você Vai Conhecer o Homem dos Seus Sonhos (2010) - Woody Allen
[23] Volver (2006) - Pedro Almodóvar
[68] Vício Frenético (2009) - Werner Herzog
----------
